1594069515951	mozrunner::runner	INFO	Running command: "C:\\Program Files\\Mozilla Firefox\\firefox.exe" "-marionette" "-foreground" "-no-remote" "-profile" "C:\\Users\\abism\\AppData\\Local\\Temp\\rust_mozprofileMewJZN"
JavaScript error: resource://gre/modules/XULStore.jsm, line 66: Error: Can't find profile directory.
1594069522259	Marionette	INFO	Listening on port 53061
1594069522294	Marionette	WARN	TLS certificate errors will be ignored for this session
JavaScript error: resource://gre/modules/URIFixup.jsm, line 281: NS_ERROR_FAILURE: Should pass a non-null uri
1594069625518	Marionette	INFO	Stopped listening on port 53061

###!!! [Child][RunMessage] Error: Channel closing: too late to send/recv, messages will be lost


###!!! [Child][MessageChannel::SendAndWait] Error: Channel error: cannot send/recv

1594070121288	mozrunner::runner	INFO	Running command: "C:\\Program Files\\Mozilla Firefox\\firefox.exe" "-marionette" "-foreground" "-no-remote" "-profile" "C:\\Users\\abism\\AppData\\Local\\Temp\\rust_mozprofile1I0CLS"
JavaScript error: resource://gre/modules/XULStore.jsm, line 66: Error: Can't find profile directory.
1594070125536	Marionette	INFO	Listening on port 53338
1594070125573	Marionette	WARN	TLS certificate errors will be ignored for this session
1594070131732	Marionette	INFO	Stopped listening on port 53338

###!!! [Child][MessageChannel] Error: (msgtype=0x5A000D,name=PHttpChannel::Msg_DeletingChannel) Channel closing: too late to send/recv, messages will be lost


###!!! [Child][RunMessage] Error: Channel closing: too late to send/recv, messages will be lost


###!!! [Child][MessageChannel::SendAndWait] Error: Channel error: cannot send/recv

1594070153123	mozrunner::runner	INFO	Running command: "C:\\Program Files\\Mozilla Firefox\\firefox.exe" "-marionette" "-foreground" "-no-remote" "-profile" "C:\\Users\\abism\\AppData\\Local\\Temp\\rust_mozprofile4RpGiu"
JavaScript error: resource://gre/modules/XULStore.jsm, line 66: Error: Can't find profile directory.
1594070156836	Marionette	INFO	Listening on port 53397
1594070157307	Marionette	WARN	TLS certificate errors will be ignored for this session
1594070163476	Marionette	INFO	Stopped listening on port 53397

###!!! [Child][RunMessage] Error: Channel closing: too late to send/recv, messages will be lost


###!!! [Child][MessageChannel::SendAndWait] Error: Channel error: cannot send/recv

1594070207877	mozrunner::runner	INFO	Running command: "C:\\Program Files\\Mozilla Firefox\\firefox.exe" "-marionette" "-foreground" "-no-remote" "-profile" "C:\\Users\\abism\\AppData\\Local\\Temp\\rust_mozprofilexM0zaL"
JavaScript error: resource://gre/modules/XULStore.jsm, line 66: Error: Can't find profile directory.
1594070211897	Marionette	INFO	Listening on port 53453
1594070212060	Marionette	WARN	TLS certificate errors will be ignored for this session
1594070218395	Marionette	INFO	Stopped listening on port 53453

###!!! [Child][RunMessage] Error: Channel closing: too late to send/recv, messages will be lost


###!!! [Child][MessageChannel::SendAndWait] Error: Channel error: cannot send/recv

1594070325354	mozrunner::runner	INFO	Running command: "C:\\Program Files\\Mozilla Firefox\\firefox.exe" "-marionette" "-foreground" "-no-remote" "-profile" "C:\\Users\\abism\\AppData\\Local\\Temp\\rust_mozprofileMlvKnn"
JavaScript error: resource://gre/modules/XULStore.jsm, line 66: Error: Can't find profile directory.
1594070329058	Marionette	INFO	Listening on port 53514
1594070329537	Marionette	WARN	TLS certificate errors will be ignored for this session
1594070333970	Marionette	INFO	Stopped listening on port 53514

###!!! [Child][MessageChannel::SendAndWait] Error: Channel error: cannot send/recv

1594128008486	mozrunner::runner	INFO	Running command: "C:\\Program Files\\Mozilla Firefox\\firefox.exe" "-marionette" "-foreground" "-no-remote" "-profile" "C:\\Users\\abism\\AppData\\Local\\Temp\\rust_mozprofileFk0wsj"
JavaScript error: resource://gre/modules/XULStore.jsm, line 66: Error: Can't find profile directory.
1594128012531	Marionette	INFO	Listening on port 60105
1594128012679	Marionette	WARN	TLS certificate errors will be ignored for this session
1594128026380	Marionette	INFO	Stopped listening on port 60105

###!!! [Child][RunMessage] Error: Channel closing: too late to send/recv, messages will be lost


###!!! [Child][MessageChannel::SendAndWait] Error: Channel error: cannot send/recv

1594128126597	mozrunner::runner	INFO	Running command: "C:\\Program Files\\Mozilla Firefox\\firefox.exe" "-marionette" "-foreground" "-no-remote" "-profile" "C:\\Users\\abism\\AppData\\Local\\Temp\\rust_mozprofileF4K3Ne"
JavaScript error: resource://gre/modules/XULStore.jsm, line 66: Error: Can't find profile directory.
1594128130851	Marionette	INFO	Listening on port 60156
1594128130904	Marionette	WARN	TLS certificate errors will be ignored for this session
JavaScript error: resource://gre/modules/URIFixup.jsm, line 281: NS_ERROR_FAILURE: Should pass a non-null uri
1594128247886	Marionette	INFO	Stopped listening on port 60156

###!!! [Child][RunMessage] Error: Channel closing: too late to send/recv, messages will be lost


###!!! [Child][MessageChannel::SendAndWait] Error: Channel error: cannot send/recv

1594128258259	mozrunner::runner	INFO	Running command: "C:\\Program Files\\Mozilla Firefox\\firefox.exe" "-marionette" "-foreground" "-no-remote" "-profile" "C:\\Users\\abism\\AppData\\Local\\Temp\\rust_mozprofile7U7234"
JavaScript error: resource://gre/modules/XULStore.jsm, line 66: Error: Can't find profile directory.
1594128261946	Marionette	INFO	Listening on port 60218
1594128262499	Marionette	WARN	TLS certificate errors will be ignored for this session
JavaScript error: resource://gre/modules/URIFixup.jsm, line 281: NS_ERROR_FAILURE: Should pass a non-null uri
1594128365699	Marionette	INFO	Stopped listening on port 60218

###!!! [Child][RunMessage] Error: Channel closing: too late to send/recv, messages will be lost


###!!! [Child][MessageChannel::SendAndWait] Error: Channel error: cannot send/recv

1594128377909	mozrunner::runner	INFO	Running command: "C:\\Program Files\\Mozilla Firefox\\firefox.exe" "-marionette" "-foreground" "-no-remote" "-profile" "C:\\Users\\abism\\AppData\\Local\\Temp\\rust_mozprofile331uIg"
JavaScript error: resource://gre/modules/XULStore.jsm, line 66: Error: Can't find profile directory.
1594128381919	Marionette	INFO	Listening on port 60299
1594128382096	Marionette	WARN	TLS certificate errors will be ignored for this session
1594128415693	Marionette	INFO	Stopped listening on port 60299

###!!! [Child][RunMessage] Error: Channel closing: too late to send/recv, messages will be lost


###!!! [Child][MessageChannel::SendAndWait] Error: Channel error: cannot send/recv

1594128554664	mozrunner::runner	INFO	Running command: "C:\\Program Files\\Mozilla Firefox\\firefox.exe" "-marionette" "-foreground" "-no-remote" "-profile" "C:\\Users\\abism\\AppData\\Local\\Temp\\rust_mozprofilew3wera"
JavaScript error: resource://gre/modules/XULStore.jsm, line 66: Error: Can't find profile directory.
1594128558505	Marionette	INFO	Listening on port 60394
1594128558854	Marionette	WARN	TLS certificate errors will be ignored for this session
1594128594309	Marionette	INFO	Stopped listening on port 60394

###!!! [Child][RunMessage] Error: Channel closing: too late to send/recv, messages will be lost


###!!! [Child][MessageChannel::SendAndWait] Error: Channel error: cannot send/recv

1594128636078	mozrunner::runner	INFO	Running command: "C:\\Program Files\\Mozilla Firefox\\firefox.exe" "-marionette" "-foreground" "-no-remote" "-profile" "C:\\Users\\abism\\AppData\\Local\\Temp\\rust_mozprofileqKZQRO"
JavaScript error: resource://gre/modules/XULStore.jsm, line 66: Error: Can't find profile directory.
1594128640577	Marionette	INFO	Listening on port 60465
1594128640987	Marionette	WARN	TLS certificate errors will be ignored for this session
1594128667756	Marionette	INFO	Stopped listening on port 60465

###!!! [Child][RunMessage] Error: Channel closing: too late to send/recv, messages will be lost


###!!! [Child][MessageChannel::SendAndWait] Error: Channel error: cannot send/recv

1594128697791	mozrunner::runner	INFO	Running command: "C:\\Program Files\\Mozilla Firefox\\firefox.exe" "-marionette" "-foreground" "-no-remote" "-profile" "C:\\Users\\abism\\AppData\\Local\\Temp\\rust_mozprofiles9nkDI"
JavaScript error: resource://gre/modules/XULStore.jsm, line 66: Error: Can't find profile directory.
1594128703029	Marionette	INFO	Listening on port 60536
1594128703292	Marionette	WARN	TLS certificate errors will be ignored for this session
JavaScript error: resource://gre/modules/URIFixup.jsm, line 281: NS_ERROR_FAILURE: Should pass a non-null uri
JavaScript warning: https://www.instagram.com/static/bundles/es6/ConsumerUICommons.js/291d2207089a.js, line 32: Script terminated by timeout at:
$WebStorageMutex1@https://www.instagram.com/static/bundles/es6/ConsumerUICommons.js/291d2207089a.js:32:274
hasLock@https://www.instagram.com/static/bundles/es6/ConsumerUICommons.js/291d2207089a.js:32:452
unlock@https://www.instagram.com/static/bundles/es6/ConsumerUICommons.js/291d2207089a.js:32:792
restore/<@https://www.instagram.com/static/bundles/es6/ConsumerLibCommons.js/76586481e254.js:84:1998
lock/this.$WebStorageMutex3<@https://www.instagram.com/static/bundles/es6/ConsumerUICommons.js/291d2207089a.js:32:700

JavaScript warning: https://www.instagram.com/abismo/, line 258: Script terminated by timeout at:
r@https://www.instagram.com/abismo/:258:365
lock@https://www.instagram.com/static/bundles/es6/ConsumerUICommons.js/291d2207089a.js:32:631
restore@https://www.instagram.com/static/bundles/es6/ConsumerLibCommons.js/76586481e254.js:84:1689
h@https://www.instagram.com/static/bundles/es6/ConsumerLibCommons.js/76586481e254.js:84:2090
v@https://www.instagram.com/static/bundles/es6/ConsumerUICommons.js/291d2207089a.js:31:187

1594128789287	Marionette	INFO	Stopped listening on port 60536

###!!! [Child][RunMessage] Error: Channel closing: too late to send/recv, messages will be lost


###!!! [Child][MessageChannel::SendAndWait] Error: Channel error: cannot send/recv

1594128876442	mozrunner::runner	INFO	Running command: "C:\\Program Files\\Mozilla Firefox\\firefox.exe" "-marionette" "-foreground" "-no-remote" "-profile" "C:\\Users\\abism\\AppData\\Local\\Temp\\rust_mozprofileUnG7AH"
JavaScript error: resource://gre/modules/XULStore.jsm, line 66: Error: Can't find profile directory.
1594128880306	Marionette	INFO	Listening on port 60654
1594128880618	Marionette	WARN	TLS certificate errors will be ignored for this session
1594128915019	Marionette	INFO	Stopped listening on port 60654

###!!! [Child][RunMessage] Error: Channel closing: too late to send/recv, messages will be lost


###!!! [Child][MessageChannel::SendAndWait] Error: Channel error: cannot send/recv

1594128945376	mozrunner::runner	INFO	Running command: "C:\\Program Files\\Mozilla Firefox\\firefox.exe" "-marionette" "-foreground" "-no-remote" "-profile" "C:\\Users\\abism\\AppData\\Local\\Temp\\rust_mozprofileAdj4QC"
JavaScript error: resource://gre/modules/XULStore.jsm, line 66: Error: Can't find profile directory.
1594128951181	Marionette	INFO	Listening on port 60721
1594128951404	Marionette	WARN	TLS certificate errors will be ignored for this session
1594129026599	Marionette	INFO	Stopped listening on port 60721

###!!! [Child][RunMessage] Error: Channel closing: too late to send/recv, messages will be lost


###!!! [Child][MessageChannel::SendAndWait] Error: Channel error: cannot send/recv

1594129110262	mozrunner::runner	INFO	Running command: "C:\\Program Files\\Mozilla Firefox\\firefox.exe" "-marionette" "-foreground" "-no-remote" "-profile" "C:\\Users\\abism\\AppData\\Local\\Temp\\rust_mozprofilexMBLo4"
JavaScript error: resource://gre/modules/XULStore.jsm, line 66: Error: Can't find profile directory.
1594129113900	Marionette	INFO	Listening on port 60777
1594129113940	Marionette	WARN	TLS certificate errors will be ignored for this session
1594129126338	Marionette	INFO	Stopped listening on port 60777

###!!! [Child][RunMessage] Error: Channel closing: too late to send/recv, messages will be lost


###!!! [Child][MessageChannel::SendAndWait] Error: Channel error: cannot send/recv

1594129154303	mozrunner::runner	INFO	Running command: "C:\\Program Files\\Mozilla Firefox\\firefox.exe" "-marionette" "-foreground" "-no-remote" "-profile" "C:\\Users\\abism\\AppData\\Local\\Temp\\rust_mozprofileSDYSrx"
JavaScript error: resource://gre/modules/XULStore.jsm, line 66: Error: Can't find profile directory.
1594129158034	Marionette	INFO	Listening on port 60824
1594129158490	Marionette	WARN	TLS certificate errors will be ignored for this session
1594129214027	Marionette	INFO	Stopped listening on port 60824

###!!! [Child][RunMessage] Error: Channel closing: too late to send/recv, messages will be lost


###!!! [Child][MessageChannel::SendAndWait] Error: Channel error: cannot send/recv

1594129222852	mozrunner::runner	INFO	Running command: "C:\\Program Files\\Mozilla Firefox\\firefox.exe" "-marionette" "-foreground" "-no-remote" "-profile" "C:\\Users\\abism\\AppData\\Local\\Temp\\rust_mozprofilelV8uaH"
JavaScript error: resource://gre/modules/XULStore.jsm, line 66: Error: Can't find profile directory.
1594129226492	Marionette	INFO	Listening on port 60873
1594129226522	Marionette	WARN	TLS certificate errors will be ignored for this session
1594129235029	Marionette	INFO	Stopped listening on port 60873

###!!! [Child][RunMessage] Error: Channel closing: too late to send/recv, messages will be lost


###!!! [Child][MessageChannel::SendAndWait] Error: Channel error: cannot send/recv

1594129349216	mozrunner::runner	INFO	Running command: "C:\\Program Files\\Mozilla Firefox\\firefox.exe" "-marionette" "-foreground" "-no-remote" "-profile" "C:\\Users\\abism\\AppData\\Local\\Temp\\rust_mozprofileqAbV9l"
JavaScript error: resource://gre/modules/XULStore.jsm, line 66: Error: Can't find profile directory.
1594129353081	Marionette	INFO	Listening on port 60963
1594129353405	Marionette	WARN	TLS certificate errors will be ignored for this session
1594129400463	Marionette	INFO	Stopped listening on port 60963

###!!! [Child][RunMessage] Error: Channel closing: too late to send/recv, messages will be lost


###!!! [Child][MessageChannel::SendAndWait] Error: Channel error: cannot send/recv

1594129460943	mozrunner::runner	INFO	Running command: "C:\\Program Files\\Mozilla Firefox\\firefox.exe" "-marionette" "-foreground" "-no-remote" "-profile" "C:\\Users\\abism\\AppData\\Local\\Temp\\rust_mozprofilej1C6lt"
JavaScript error: resource://gre/modules/XULStore.jsm, line 66: Error: Can't find profile directory.
1594129464919	Marionette	INFO	Listening on port 61024
1594129465119	Marionette	WARN	TLS certificate errors will be ignored for this session
1594129498191	Marionette	INFO	Stopped listening on port 61024

###!!! [Child][RunMessage] Error: Channel closing: too late to send/recv, messages will be lost


###!!! [Child][MessageChannel::SendAndWait] Error: Channel error: cannot send/recv

1594129599073	mozrunner::runner	INFO	Running command: "C:\\Program Files\\Mozilla Firefox\\firefox.exe" "-marionette" "-foreground" "-no-remote" "-profile" "C:\\Users\\abism\\AppData\\Local\\Temp\\rust_mozprofilePcp3Xc"
JavaScript error: resource://gre/modules/XULStore.jsm, line 66: Error: Can't find profile directory.
1594129602671	Marionette	INFO	Listening on port 61106
1594129602749	Marionette	WARN	TLS certificate errors will be ignored for this session
1594129641915	Marionette	INFO	Stopped listening on port 61106

###!!! [Child][RunMessage] Error: Channel closing: too late to send/recv, messages will be lost


###!!! [Child][MessageChannel::SendAndWait] Error: Channel error: cannot send/recv

1594130006765	mozrunner::runner	INFO	Running command: "C:\\Program Files\\Mozilla Firefox\\firefox.exe" "-marionette" "-foreground" "-no-remote" "-profile" "C:\\Users\\abism\\AppData\\Local\\Temp\\rust_mozprofileqVfjUW"
JavaScript error: resource://gre/modules/XULStore.jsm, line 66: Error: Can't find profile directory.
1594130010221	Marionette	INFO	Listening on port 61375
1594130010442	Marionette	WARN	TLS certificate errors will be ignored for this session
1594130034618	Marionette	INFO	Stopped listening on port 61375

###!!! [Child][RunMessage] Error: Channel closing: too late to send/recv, messages will be lost


###!!! [Child][MessageChannel::SendAndWait] Error: Channel error: cannot send/recv

1594130079743	mozrunner::runner	INFO	Running command: "C:\\Program Files\\Mozilla Firefox\\firefox.exe" "-marionette" "-foreground" "-no-remote" "-profile" "C:\\Users\\abism\\AppData\\Local\\Temp\\rust_mozprofileJvv2b8"
JavaScript error: resource://gre/modules/XULStore.jsm, line 66: Error: Can't find profile directory.
1594130083584	Marionette	INFO	Listening on port 61432
1594130083920	Marionette	WARN	TLS certificate errors will be ignored for this session

###!!! [Child][MessageChannel] Error: (msgtype=0x5A000D,name=PHttpChannel::Msg_DeletingChannel) Channel closing: too late to send/recv, messages will be lost

1594130125502	Marionette	INFO	Stopped listening on port 61432

###!!! [Child][RunMessage] Error: Channel closing: too late to send/recv, messages will be lost


###!!! [Child][MessageChannel::SendAndWait] Error: Channel error: cannot send/recv

1594131033140	mozrunner::runner	INFO	Running command: "C:\\Program Files\\Mozilla Firefox\\firefox.exe" "-marionette" "-foreground" "-no-remote" "-profile" "C:\\Users\\abism\\AppData\\Local\\Temp\\rust_mozprofilehvlAqB"
JavaScript error: resource://gre/modules/XULStore.jsm, line 66: Error: Can't find profile directory.
1594131036859	Marionette	INFO	Listening on port 61646
1594131037331	Marionette	WARN	TLS certificate errors will be ignored for this session
1594131071256	Marionette	INFO	Stopped listening on port 61646

###!!! [Child][RunMessage] Error: Channel closing: too late to send/recv, messages will be lost


###!!! [Child][MessageChannel::SendAndWait] Error: Channel error: cannot send/recv

1594131176283	mozrunner::runner	INFO	Running command: "C:\\Program Files\\Mozilla Firefox\\firefox.exe" "-marionette" "-foreground" "-no-remote" "-profile" "C:\\Users\\abism\\AppData\\Local\\Temp\\rust_mozprofileLnJUcK"
JavaScript error: resource://gre/modules/XULStore.jsm, line 66: Error: Can't find profile directory.
1594131179764	Marionette	INFO	Listening on port 61724
1594131179980	Marionette	WARN	TLS certificate errors will be ignored for this session
1594131239411	Marionette	INFO	Stopped listening on port 61724

###!!! [Child][RunMessage] Error: Channel closing: too late to send/recv, messages will be lost


###!!! [Child][MessageChannel::SendAndWait] Error: Channel error: cannot send/recv

1594131365496	mozrunner::runner	INFO	Running command: "C:\\Program Files\\Mozilla Firefox\\firefox.exe" "-marionette" "-foreground" "-no-remote" "-profile" "C:\\Users\\abism\\AppData\\Local\\Temp\\rust_mozprofile8kCdh0"
JavaScript error: resource://gre/modules/XULStore.jsm, line 66: Error: Can't find profile directory.
1594131369176	Marionette	INFO	Listening on port 61892
1594131369686	Marionette	WARN	TLS certificate errors will be ignored for this session
JavaScript error: resource://gre/modules/URIFixup.jsm, line 281: NS_ERROR_FAILURE: Should pass a non-null uri
1594131441567	Marionette	INFO	Stopped listening on port 61892

###!!! [Child][RunMessage] Error: Channel closing: too late to send/recv, messages will be lost


###!!! [Child][MessageChannel::SendAndWait] Error: Channel error: cannot send/recv

1594131491542	mozrunner::runner	INFO	Running command: "C:\\Program Files\\Mozilla Firefox\\firefox.exe" "-marionette" "-foreground" "-no-remote" "-profile" "C:\\Users\\abism\\AppData\\Local\\Temp\\rust_mozprofileo44mU1"
JavaScript error: resource://gre/modules/XULStore.jsm, line 66: Error: Can't find profile directory.
1594131495994	Marionette	INFO	Listening on port 61953
1594131496339	Marionette	WARN	TLS certificate errors will be ignored for this session
1594131543378	Marionette	INFO	Stopped listening on port 61953

###!!! [Child][RunMessage] Error: Channel closing: too late to send/recv, messages will be lost


###!!! [Child][MessageChannel::SendAndWait] Error: Channel error: cannot send/recv

1594131592613	mozrunner::runner	INFO	Running command: "C:\\Program Files\\Mozilla Firefox\\firefox.exe" "-marionette" "-foreground" "-no-remote" "-profile" "C:\\Users\\abism\\AppData\\Local\\Temp\\rust_mozprofile2X7HaE"
JavaScript error: resource://gre/modules/XULStore.jsm, line 66: Error: Can't find profile directory.
1594131596408	Marionette	INFO	Listening on port 62024
1594131596800	Marionette	WARN	TLS certificate errors will be ignored for this session
JavaScript error: resource://gre/modules/URIFixup.jsm, line 281: NS_ERROR_FAILURE: Should pass a non-null uri
1594131681305	Marionette	INFO	Stopped listening on port 62024

###!!! [Child][RunMessage] Error: Channel closing: too late to send/recv, messages will be lost


###!!! [Child][MessageChannel::SendAndWait] Error: Channel error: cannot send/recv

1594131702586	mozrunner::runner	INFO	Running command: "C:\\Program Files\\Mozilla Firefox\\firefox.exe" "-marionette" "-foreground" "-no-remote" "-profile" "C:\\Users\\abism\\AppData\\Local\\Temp\\rust_mozprofiler1sKIS"
JavaScript error: resource://gre/modules/XULStore.jsm, line 66: Error: Can't find profile directory.
1594131706309	Marionette	INFO	Listening on port 62093
1594131706768	Marionette	WARN	TLS certificate errors will be ignored for this session
1594131785232	Marionette	INFO	Stopped listening on port 62093

###!!! [Child][RunMessage] Error: Channel closing: too late to send/recv, messages will be lost


###!!! [Child][MessageChannel::SendAndWait] Error: Channel error: cannot send/recv

1594131792413	mozrunner::runner	INFO	Running command: "C:\\Program Files\\Mozilla Firefox\\firefox.exe" "-marionette" "-foreground" "-no-remote" "-profile" "C:\\Users\\abism\\AppData\\Local\\Temp\\rust_mozprofiletKt7YI"
JavaScript error: resource://gre/modules/XULStore.jsm, line 66: Error: Can't find profile directory.
1594131796054	Marionette	INFO	Listening on port 62150
1594131796090	Marionette	WARN	TLS certificate errors will be ignored for this session
1594131833261	Marionette	INFO	Stopped listening on port 62150

###!!! [Child][RunMessage] Error: Channel closing: too late to send/recv, messages will be lost


###!!! [Child][MessageChannel::SendAndWait] Error: Channel error: cannot send/recv

1594131927438	mozrunner::runner	INFO	Running command: "C:\\Program Files\\Mozilla Firefox\\firefox.exe" "-marionette" "-foreground" "-no-remote" "-profile" "C:\\Users\\abism\\AppData\\Local\\Temp\\rust_mozprofileAOaq8c"
JavaScript error: resource://gre/modules/XULStore.jsm, line 66: Error: Can't find profile directory.
1594131931038	Marionette	INFO	Listening on port 62224
1594131931125	Marionette	WARN	TLS certificate errors will be ignored for this session
1594131971103	Marionette	INFO	Stopped listening on port 62224

###!!! [Child][MessageChannel::SendAndWait] Error: Channel error: cannot send/recv

1594132066602	mozrunner::runner	INFO	Running command: "C:\\Program Files\\Mozilla Firefox\\firefox.exe" "-marionette" "-foreground" "-no-remote" "-profile" "C:\\Users\\abism\\AppData\\Local\\Temp\\rust_mozprofileDqxBDa"
JavaScript error: resource://gre/modules/XULStore.jsm, line 66: Error: Can't find profile directory.
1594132070325	Marionette	INFO	Listening on port 62293
1594132070800	Marionette	WARN	TLS certificate errors will be ignored for this session
1594132124400	Marionette	INFO	Stopped listening on port 62293

###!!! [Child][RunMessage] Error: Channel closing: too late to send/recv, messages will be lost


###!!! [Child][MessageChannel::SendAndWait] Error: Channel error: cannot send/recv

1594132160498	mozrunner::runner	INFO	Running command: "C:\\Program Files\\Mozilla Firefox\\firefox.exe" "-marionette" "-foreground" "-no-remote" "-profile" "C:\\Users\\abism\\AppData\\Local\\Temp\\rust_mozprofilenUIgxg"
JavaScript error: resource://gre/modules/XULStore.jsm, line 66: Error: Can't find profile directory.
1594132164202	Marionette	INFO	Listening on port 62358
1594132164672	Marionette	WARN	TLS certificate errors will be ignored for this session
1594132180343	Marionette	INFO	Stopped listening on port 62358

###!!! [Child][RunMessage] Error: Channel closing: too late to send/recv, messages will be lost


###!!! [Child][MessageChannel::SendAndWait] Error: Channel error: cannot send/recv

1594132595319	mozrunner::runner	INFO	Running command: "C:\\Program Files\\Mozilla Firefox\\firefox.exe" "-marionette" "-foreground" "-no-remote" "-profile" "C:\\Users\\abism\\AppData\\Local\\Temp\\rust_mozprofileKGLGg4"
JavaScript error: resource://gre/modules/XULStore.jsm, line 66: Error: Can't find profile directory.
1594132599436	Marionette	INFO	Listening on port 64470
1594132599557	Marionette	WARN	TLS certificate errors will be ignored for this session
1594132621104	Marionette	INFO	Stopped listening on port 64470

###!!! [Child][RunMessage] Error: Channel closing: too late to send/recv, messages will be lost


###!!! [Child][MessageChannel::SendAndWait] Error: Channel error: cannot send/recv

1594132671852	mozrunner::runner	INFO	Running command: "C:\\Program Files\\Mozilla Firefox\\firefox.exe" "-marionette" "-foreground" "-no-remote" "-profile" "C:\\Users\\abism\\AppData\\Local\\Temp\\rust_mozprofilexvFyoT"
JavaScript error: resource://gre/modules/XULStore.jsm, line 66: Error: Can't find profile directory.
1594132675422	Marionette	INFO	Listening on port 64520
1594132675527	Marionette	WARN	TLS certificate errors will be ignored for this session
JavaScript error: resource://gre/modules/URIFixup.jsm, line 281: NS_ERROR_FAILURE: Should pass a non-null uri
1594132719692	Marionette	INFO	Stopped listening on port 64520

###!!! [Child][MessageChannel::SendAndWait] Error: Channel error: cannot send/recv

1594133341733	mozrunner::runner	INFO	Running command: "C:\\Program Files\\Mozilla Firefox\\firefox.exe" "-marionette" "-foreground" "-no-remote" "-profile" "C:\\Users\\abism\\AppData\\Local\\Temp\\rust_mozprofileyM0heV"
JavaScript error: resource://gre/modules/XULStore.jsm, line 66: Error: Can't find profile directory.
1594133346029	Marionette	INFO	Listening on port 64729
1594133346528	Marionette	WARN	TLS certificate errors will be ignored for this session
JavaScript error: resource://gre/modules/URIFixup.jsm, line 281: NS_ERROR_FAILURE: Should pass a non-null uri
1594133377550	Marionette	INFO	Stopped listening on port 64729

###!!! [Child][RunMessage] Error: Channel closing: too late to send/recv, messages will be lost


###!!! [Child][MessageChannel::SendAndWait] Error: Channel error: cannot send/recv

1594133400257	mozrunner::runner	INFO	Running command: "C:\\Program Files\\Mozilla Firefox\\firefox.exe" "-marionette" "-foreground" "-no-remote" "-profile" "C:\\Users\\abism\\AppData\\Local\\Temp\\rust_mozprofileJFucZj"
JavaScript error: resource://gre/modules/XULStore.jsm, line 66: Error: Can't find profile directory.
1594133403845	Marionette	INFO	Listening on port 64772
1594133403941	Marionette	WARN	TLS certificate errors will be ignored for this session
JavaScript error: resource://gre/modules/URIFixup.jsm, line 281: NS_ERROR_FAILURE: Should pass a non-null uri
1594133415280	Marionette	INFO	Stopped listening on port 64772

###!!! [Child][MessageChannel::SendAndWait] Error: Channel error: cannot send/recv

1594133454475	mozrunner::runner	INFO	Running command: "C:\\Program Files\\Mozilla Firefox\\firefox.exe" "-marionette" "-foreground" "-no-remote" "-profile" "C:\\Users\\abism\\AppData\\Local\\Temp\\rust_mozprofilev07foJ"
JavaScript error: resource://gre/modules/XULStore.jsm, line 66: Error: Can't find profile directory.
1594133458404	Marionette	INFO	Listening on port 64818
1594133458671	Marionette	WARN	TLS certificate errors will be ignored for this session
1594133488159	Marionette	INFO	Stopped listening on port 64818

###!!! [Child][MessageChannel::SendAndWait] Error: Channel error: cannot send/recv

1594133562967	mozrunner::runner	INFO	Running command: "C:\\Program Files\\Mozilla Firefox\\firefox.exe" "-marionette" "-foreground" "-no-remote" "-profile" "C:\\Users\\abism\\AppData\\Local\\Temp\\rust_mozprofileZ8AviR"
JavaScript error: resource://gre/modules/XULStore.jsm, line 66: Error: Can't find profile directory.
1594133566525	Marionette	INFO	Listening on port 64872
1594133566634	Marionette	WARN	TLS certificate errors will be ignored for this session
1594133637591	Marionette	INFO	Stopped listening on port 64872

###!!! [Child][RunMessage] Error: Channel closing: too late to send/recv, messages will be lost


###!!! [Child][MessageChannel::SendAndWait] Error: Channel error: cannot send/recv

1594133647573	mozrunner::runner	INFO	Running command: "C:\\Program Files\\Mozilla Firefox\\firefox.exe" "-marionette" "-foreground" "-no-remote" "-profile" "C:\\Users\\abism\\AppData\\Local\\Temp\\rust_mozprofile5a8X1u"
JavaScript error: resource://gre/modules/XULStore.jsm, line 66: Error: Can't find profile directory.
1594133651067	Marionette	INFO	Listening on port 64927
1594133651261	Marionette	WARN	TLS certificate errors will be ignored for this session
console.error: "Store does not have a valid reducer. Make sure the argument passed to combineReducers is an object whose values are reducers."
1594133688484	Marionette	INFO	Stopped listening on port 64927

###!!! [Child][RunMessage] Error: Channel closing: too late to send/recv, messages will be lost


###!!! [Child][MessageChannel::SendAndWait] Error: Channel error: cannot send/recv

1594133766609	mozrunner::runner	INFO	Running command: "C:\\Program Files\\Mozilla Firefox\\firefox.exe" "-marionette" "-foreground" "-no-remote" "-profile" "C:\\Users\\abism\\AppData\\Local\\Temp\\rust_mozprofileHIjest"
JavaScript error: resource://gre/modules/XULStore.jsm, line 66: Error: Can't find profile directory.
1594133770369	Marionette	INFO	Listening on port 64983
1594133770796	Marionette	WARN	TLS certificate errors will be ignored for this session
console.error: "Store does not have a valid reducer. Make sure the argument passed to combineReducers is an object whose values are reducers."
JavaScript error: https://tpc.googlesyndication.com/sadbundle/$csp%3Der3$/7008005018758561201/index.html#t=13257953793511491638&p=https%3A%2F%2Fgoogleads.g.doubleclick.net, line 160: TypeError: a.a is null
JavaScript error: https://www.gstatic.com/mysidia/626ea103274e89b54371b14bf7e1b0a7.js?tag=video_mra/web_fig_och, line 174: SecurityError: The operation is insecure.
JavaScript error: https://tpc.googlesyndication.com/sadbundle/$csp%3Der3$/7008005018758561201/index.html#t=13257953793511491638&p=https%3A%2F%2Fgoogleads.g.doubleclick.net, line 174: TypeError: this.a is null
console.error: "Error while calling actor 'pagestyle's method 'getLayout'" "node is null"
console.error: "getLayout@resource://devtools/server/actors/styles.js:1013:5\nhandler@resource://devtools/shared/protocol/Actor.js:162:37\nonPacket@resource://devtools/server/devtools-server-connection.js:380:58\nreceiveMessage@resource://devtools/shared/transport/child-transport.js:66:16\n"
console.error: "Error while calling actor 'pagestyle's method 'getApplied'" "node is null"
console.error: "getApplied@resource://devtools/server/actors/styles.js:587:5\nhandler@resource://devtools/shared/protocol/Actor.js:162:37\nonPacket@resource://devtools/server/devtools-server-connection.js:380:58\nreceiveMessage@resource://devtools/shared/transport/child-transport.js:66:16\n"
console.error: (new Error("Protocol error (TypeError): node is null from: server0.conn0.child2/pagestyle26 (resource://devtools/server/actors/styles.js:1013:5)", "resource://devtools/shared/protocol/Front.js", 323))
console.error: (new Error("Protocol error (noSuchActor): No such actor for ID: server0.conn0.child2/domnode196 from: server0.conn0.child2/domnode196", "resource://devtools/shared/protocol/Front.js", 323))
console.error: (new TypeError("currentNode is null", "resource://devtools/client/inspector/shared/style-change-tracker.js", 66))
TypeError: currentNode is null: canMutationImpactCurrentStyles@resource://devtools/client/inspector/shared/style-change-tracker.js:66:20
onMutations@resource://devtools/client/inspector/shared/style-change-tracker.js:84:41
_emit@resource://devtools/shared/event-emitter.js:226:34
emit@resource://devtools/shared/event-emitter.js:172:18
emit@resource://devtools/shared/event-emitter.js:324:18
getMutations@resource://devtools/client/fronts/walker.js:409:10

JavaScript warning: https://www.instagram.com/static/bundles/es6/ConsumerLibCommons.js/76586481e254.js, line 98: Script terminated by timeout at:
m.exports@https://www.instagram.com/static/bundles/es6/ConsumerLibCommons.js/76586481e254.js:98:146
s@https://www.instagram.com/static/bundles/es6/ConsumerLibCommons.js/76586481e254.js:62:456
c@https://www.instagram.com/static/bundles/es6/Consumer.js/5b764456ddc4.js:163:311
n@https://www.instagram.com/static/bundles/es6/Consumer.js/5b764456ddc4.js:163:133
t@https://www.instagram.com/static/bundles/es6/Consumer.js/5b764456ddc4.js:164:135
e.initTimeSpentBitArrayLogger/<@https://www.instagram.com/static/bundles/es6/Consumer.js/5b764456ddc4.js:163:733
inform/<@https://www.instagram.com/static/bundles/es6/ConsumerLibCommons.js/76586481e254.js:86:142
inform@https://www.instagram.com/static/bundles/es6/ConsumerLibCommons.js/76586481e254.js:86:131
h@https://www.instagram.com/static/bundles/es6/ConsumerLibCommons.js/76586481e254.js:84:2108
v@https://www.instagram.com/static/bundles/es6/ConsumerUICommons.js/291d2207089a.js:31:187

JavaScript error: https://www.gstatic.com/mysidia/626ea103274e89b54371b14bf7e1b0a7.js?tag=video_mra/web_fig_och, line 174: SecurityError: The operation is insecure.
JavaScript error: https://www.gstatic.com/mysidia/626ea103274e89b54371b14bf7e1b0a7.js?tag=video_mra/web_fig_och, line 174: SecurityError: The operation is insecure.
JavaScript error: https://seguidoresdeinstagram.com/wp-content/plugins/jetpack/_inc/build/related-posts/related-posts.min.js?ver=20191011, line 8: SyntaxError: expected expression, got '<'
JavaScript error: https://seguidoresdeinstagram.com/no-puedo-ingresar-cuenta-instagram/wp-content/themes/betheme/js/lazyload-youtube-videos.js, line 1: SyntaxError: expected expression, got '<'
JavaScript error: https://seguidoresdeinstagram.com/wp-content/plugins/jetpack/_inc/build/sharedaddy/sharing.min.js?ver=8.4.1, line 8: SyntaxError: expected expression, got '<'
JavaScript error: , line 0: SecurityError: The operation is insecure.
JavaScript warning: https://www.google.com/xjs/_/js/k=xjs.s.es.qi6CAXJf7Wk.O/ck=xjs.s.4hj6Brf3LHQ.L.F4.O/m=IvlUe,MC8mtf,TJw5qb,Y33vzc,ZyRBae,cdos,cr,hsm,iDPoPb,jsa,mvYTse,tg8oTe,d,csi/am=AAAAIAAAAGAJmLsB4PwHAQAuKHEAAAAAArQk2FgghZCQEIAAAMAsTAAACA/d=1/dg=2/ct=zgms/rs=ACT90oE28xhR9OnL1PnGlayqx5MzkMI7sg, line 411: Script terminated by timeout at:
s_.d8@https://www.google.com/xjs/_/js/k=xjs.s.es.qi6CAXJf7Wk.O/ck=xjs.s.4hj6Brf3LHQ.L.F4.O/m=IvlUe,MC8mtf,TJw5qb,Y33vzc,ZyRBae,cdos,cr,hsm,iDPoPb,jsa,mvYTse,tg8oTe,d,csi/am=AAAAIAAAAGAJmLsB4PwHAQAuKHEAAAAAArQk2FgghZCQEIAAAMAsTAAACA/d=1/dg=2/ct=zgms/rs=ACT90oE28xhR9OnL1PnGlayqx5MzkMI7sg:411:66
s_.dispatchEvent@https://www.google.com/xjs/_/js/k=xjs.s.es.qi6CAXJf7Wk.O/ck=xjs.s.4hj6Brf3LHQ.L.F4.O/m=IvlUe,MC8mtf,TJw5qb,Y33vzc,ZyRBae,cdos,cr,hsm,iDPoPb,jsa,mvYTse,tg8oTe,d,csi/am=AAAAIAAAAGAJmLsB4PwHAQAuKHEAAAAAArQk2FgghZCQEIAAAMAsTAAACA/d=1/dg=2/ct=zgms/rs=ACT90oE28xhR9OnL1PnGlayqx5MzkMI7sg:409:359
s_QS.prototype.Ba@https://www.google.com/xjs/_/js/k=xjs.s.es.qi6CAXJf7Wk.O/ck=xjs.s.4hj6Brf3LHQ.L.F4.O/am=AAAAIAAAAGAJmLsB4PwHAQAuKHEAAAAAArQk2FgghZCQEIAAAMAsTAAACA/d=1/exm=IvlUe,MC8mtf,TJw5qb,Y33vzc,ZyRBae,cdos,cr,csi,d,hsm,iDPoPb,jsa,mvYTse,tg8oTe/ed=1/dg=2/ct=zgms/rs=ACT90oE28xhR9OnL1PnGlayqx5MzkMI7sg/m=F8FRnd,MB3mMb,MkHyGd,NBZ7u,OG6ZHd,RMhBfe,RqxLvf,T7XTS,TxZWcc,URQPYc,XMgU6d,XjCeUc,aCZVp,aa,aam1T,abd,async,bgd,dv7Bfe,dvl,eN4qad,eT9j9d,foot,iD8Yk,kVbfxd,kyn,lu,m,m6a0l,mUpTid,mpck,mu,o02Jie,pB6Zqd,qik19b,rHjpXd,runuse,sb_wiz,sf,tl,uiNkee,vs,wkrYee,xiqEse,xz7cCd,yyqeUd,zbML3c?xjs=s1:303:221
s_Xha@https://www.google.com/xjs/_/js/k=xjs.s.es.qi6CAXJf7Wk.O/ck=xjs.s.4hj6Brf3LHQ.L.F4.O/m=IvlUe,MC8mtf,TJw5qb,Y33vzc,ZyRBae,cdos,cr,hsm,iDPoPb,jsa,mvYTse,tg8oTe,d,csi/am=AAAAIAAAAGAJmLsB4PwHAQAuKHEAAAAAArQk2FgghZCQEIAAAMAsTAAACA/d=1/dg=2/ct=zgms/rs=ACT90oE28xhR9OnL1PnGlayqx5MzkMI7sg:272:243
s_Vha@https://www.google.com/xjs/_/js/k=xjs.s.es.qi6CAXJf7Wk.O/ck=xjs.s.4hj6Brf3LHQ.L.F4.O/m=IvlUe,MC8mtf,TJw5qb,Y33vzc,ZyRBae,cdos,cr,hsm,iDPoPb,jsa,mvYTse,tg8oTe,d,csi/am=AAAAIAAAAGAJmLsB4PwHAQAuKHEAAAAAArQk2FgghZCQEIAAAMAsTAAACA/d=1/dg=2/ct=zgms/rs=ACT90oE28xhR9OnL1PnGlayqx5MzkMI7sg:273:249
s_Tha/b<@https://www.google.com/xjs/_/js/k=xjs.s.es.qi6CAXJf7Wk.O/ck=xjs.s.4hj6Brf3LHQ.L.F4.O/m=IvlUe,MC8mtf,TJw5qb,Y33vzc,ZyRBae,cdos,cr,hsm,iDPoPb,jsa,mvYTse,tg8oTe,d,csi/am=AAAAIAAAAGAJmLsB4PwHAQAuKHEAAAAAArQk2FgghZCQEIAAAMAsTAAACA/d=1/dg=2/ct=zgms/rs=ACT90oE28xhR9OnL1PnGlayqx5MzkMI7sg:269:277

JavaScript error: resource://gre/actors/PictureInPictureChild.jsm, line 114: InvalidStateError: An attempt was made to use an object that is not, or is no longer, usable
JavaScript error: resource://gre/actors/PictureInPictureChild.jsm, line 114: InvalidStateError: An attempt was made to use an object that is not, or is no longer, usable
JavaScript error: https://www.gstatic.com/mysidia/626ea103274e89b54371b14bf7e1b0a7.js?tag=video_mra/web_fig_och, line 174: SecurityError: The operation is insecure.
1594134267017	Marionette	INFO	Stopped listening on port 64983

###!!! [Child][RunMessage] Error: Channel closing: too late to send/recv, messages will be lost


###!!! [Child][MessageChannel::SendAndWait] Error: Channel error: cannot send/recv

1594134274057	mozrunner::runner	INFO	Running command: "C:\\Program Files\\Mozilla Firefox\\firefox.exe" "-marionette" "-foreground" "-no-remote" "-profile" "C:\\Users\\abism\\AppData\\Local\\Temp\\rust_mozprofilewbABBX"
JavaScript error: resource://gre/modules/XULStore.jsm, line 66: Error: Can't find profile directory.
1594134277644	Marionette	INFO	Listening on port 65411
1594134277736	Marionette	WARN	TLS certificate errors will be ignored for this session
1594134340709	Marionette	INFO	Stopped listening on port 65411

###!!! [Child][RunMessage] Error: Channel closing: too late to send/recv, messages will be lost


###!!! [Child][MessageChannel::SendAndWait] Error: Channel error: cannot send/recv

1594134353552	mozrunner::runner	INFO	Running command: "C:\\Program Files\\Mozilla Firefox\\firefox.exe" "-marionette" "-foreground" "-no-remote" "-profile" "C:\\Users\\abism\\AppData\\Local\\Temp\\rust_mozprofiletQyG6Q"
JavaScript error: resource://gre/modules/XULStore.jsm, line 66: Error: Can't find profile directory.
1594134357324	Marionette	INFO	Listening on port 65473
1594134357735	Marionette	WARN	TLS certificate errors will be ignored for this session
console.error: "Store does not have a valid reducer. Make sure the argument passed to combineReducers is an object whose values are reducers."

###!!! [Child][RunMessage] Error: Channel closing: too late to send/recv, messages will be lost

1594134722198	Marionette	INFO	Stopped listening on port 65473

###!!! [Child][RunMessage] Error: Channel closing: too late to send/recv, messages will be lost


###!!! [Child][MessageChannel::SendAndWait] Error: Channel error: cannot send/recv

1594134788748	mozrunner::runner	INFO	Running command: "C:\\Program Files\\Mozilla Firefox\\firefox.exe" "-marionette" "-foreground" "-no-remote" "-profile" "C:\\Users\\abism\\AppData\\Local\\Temp\\rust_mozprofilex0GNfX"
JavaScript error: resource://gre/modules/XULStore.jsm, line 66: Error: Can't find profile directory.
1594134792404	Marionette	INFO	Listening on port 49225
1594134792437	Marionette	WARN	TLS certificate errors will be ignored for this session
1594134850778	Marionette	INFO	Stopped listening on port 49225

###!!! [Child][RunMessage] Error: Channel closing: too late to send/recv, messages will be lost


###!!! [Child][MessageChannel::SendAndWait] Error: Channel error: cannot send/recv

1594134903282	mozrunner::runner	INFO	Running command: "C:\\Program Files\\Mozilla Firefox\\firefox.exe" "-marionette" "-foreground" "-no-remote" "-profile" "C:\\Users\\abism\\AppData\\Local\\Temp\\rust_mozprofilec7jUcl"
JavaScript error: resource://gre/modules/XULStore.jsm, line 66: Error: Can't find profile directory.
1594134908531	Marionette	INFO	Listening on port 49305
1594134908577	Marionette	WARN	TLS certificate errors will be ignored for this session
console.error: "Store does not have a valid reducer. Make sure the argument passed to combineReducers is an object whose values are reducers."
JavaScript warning: https://www.instagram.com/static/bundles/es6/ConsumerUICommons.js/291d2207089a.js, line 32: Script terminated by timeout at:
t@https://www.instagram.com/static/bundles/es6/ConsumerUICommons.js/291d2207089a.js:32:49
$WebStorageMutex1@https://www.instagram.com/static/bundles/es6/ConsumerUICommons.js/291d2207089a.js:32:210
hasLock@https://www.instagram.com/static/bundles/es6/ConsumerUICommons.js/291d2207089a.js:32:452
lock/this.$WebStorageMutex3<@https://www.instagram.com/static/bundles/es6/ConsumerUICommons.js/291d2207089a.js:32:683

[Child 3840, Chrome_ChildThread] WARNING: pipe error: 232: file /builds/worker/checkouts/gecko/ipc/chromium/src/chrome/common/ipc_channel_win.cc, line 522
[Child 3840, Chrome_ChildThread] WARNING: pipe error: 232: file /builds/worker/checkouts/gecko/ipc/chromium/src/chrome/common/ipc_channel_win.cc, line 522
JavaScript error: https://eus.rubiconproject.com/usync.html?gdpr=0&gdpr_consent=, line 12: SecurityError: The operation is insecure.
1594135332332	Marionette	INFO	Stopped listening on port 49305

###!!! [Child][RunMessage] Error: Channel closing: too late to send/recv, messages will be lost


###!!! [Child][MessageChannel::SendAndWait] Error: Channel error: cannot send/recv

